[07:15:52] [ServerMain/INFO]: Environment: authHost='https://authserver.mojang.com', accountsHost='https://api.mojang.com', sessionHost='https://sessionserver.mojang.com', servicesHost='https://api.minecraftservices.com', name='PROD'
[07:15:54] [ServerMain/INFO]: Loaded 7 recipes
[07:15:54] [ServerMain/INFO]: Loaded 1179 advancements
[07:15:55] [Server thread/INFO]: Starting minecraft server version 1.19.4
[07:15:55] [Server thread/INFO]: Loading properties
[07:15:55] [Server thread/INFO]: Default game type: SURVIVAL
[07:15:55] [Server thread/INFO]: Generating keypair
[07:15:55] [Server thread/INFO]: Starting Minecraft server on *:25565
[07:15:55] [Server thread/INFO]: Using epoll channel type
[07:15:55] [Server thread/INFO]: Preparing level "world"
[07:16:04] [Server thread/INFO]: Preparing start region for dimension minecraft:overworld
[07:16:05] [Worker-Main-1/INFO]: Preparing spawn area: 0%
[07:16:05] [Worker-Main-1/INFO]: Preparing spawn area: 0%
[07:16:05] [Worker-Main-1/INFO]: Preparing spawn area: 0%
[07:16:05] [Worker-Main-1/INFO]: Preparing spawn area: 0%
[07:16:06] [Worker-Main-1/INFO]: Preparing spawn area: 0%
[07:16:07] [Worker-Main-1/INFO]: Preparing spawn area: 0%
[07:16:07] [Worker-Main-1/INFO]: Preparing spawn area: 0%
[07:16:07] [Worker-Main-1/INFO]: Preparing spawn area: 0%
[07:16:08] [Worker-Main-1/INFO]: Preparing spawn area: 0%
[07:16:08] [Worker-Main-1/INFO]: Preparing spawn area: 0%
[07:16:09] [Worker-Main-1/INFO]: Preparing spawn area: 0%
[07:16:09] [Worker-Main-1/INFO]: Preparing spawn area: 0%
[07:16:10] [Worker-Main-1/INFO]: Preparing spawn area: 0%
[07:16:10] [Worker-Main-1/INFO]: Preparing spawn area: 0%
[07:16:11] [Worker-Main-1/INFO]: Preparing spawn area: 0%
[07:16:11] [Worker-Main-1/INFO]: Preparing spawn area: 0%
[07:16:12] [Worker-Main-1/INFO]: Preparing spawn area: 0%
[07:16:12] [Worker-Main-1/INFO]: Preparing spawn area: 0%
[07:16:13] [Worker-Main-1/INFO]: Preparing spawn area: 0%
[07:16:13] [Worker-Main-1/INFO]: Preparing spawn area: 0%
[07:16:14] [Worker-Main-1/INFO]: Preparing spawn area: 0%
[07:16:14] [Worker-Main-1/INFO]: Preparing spawn area: 0%
[07:16:15] [Worker-Main-1/INFO]: Preparing spawn area: 0%
[07:16:15] [Worker-Main-1/INFO]: Preparing spawn area: 0%
[07:16:16] [Worker-Main-1/INFO]: Preparing spawn area: 0%
[07:16:16] [Worker-Main-1/INFO]: Preparing spawn area: 0%
[07:16:17] [Worker-Main-1/INFO]: Preparing spawn area: 0%
[07:16:17] [Worker-Main-1/INFO]: Preparing spawn area: 0%
[07:16:18] [Worker-Main-1/INFO]: Preparing spawn area: 0%
[07:16:18] [Worker-Main-1/INFO]: Preparing spawn area: 0%
[07:16:19] [Worker-Main-1/INFO]: Preparing spawn area: 0%
[07:16:19] [Worker-Main-1/INFO]: Preparing spawn area: 0%
[07:16:20] [Worker-Main-1/INFO]: Preparing spawn area: 0%
[07:16:20] [Worker-Main-1/INFO]: Preparing spawn area: 0%
[07:16:21] [Worker-Main-1/INFO]: Preparing spawn area: 0%
[07:16:21] [Worker-Main-1/INFO]: Preparing spawn area: 0%
[07:16:22] [Worker-Main-1/INFO]: Preparing spawn area: 0%
[07:16:22] [Worker-Main-1/INFO]: Preparing spawn area: 0%
[07:16:23] [Worker-Main-1/INFO]: Preparing spawn area: 0%
[07:16:23] [Worker-Main-1/INFO]: Preparing spawn area: 0%
[07:16:24] [Worker-Main-1/INFO]: Preparing spawn area: 0%
[07:16:24] [Worker-Main-1/INFO]: Preparing spawn area: 0%
[07:16:25] [Worker-Main-1/INFO]: Preparing spawn area: 0%
[07:16:25] [Worker-Main-1/INFO]: Preparing spawn area: 0%
[07:16:26] [Worker-Main-1/INFO]: Preparing spawn area: 0%
[07:16:26] [Worker-Main-1/INFO]: Preparing spawn area: 0%
[07:16:27] [Worker-Main-1/INFO]: Preparing spawn area: 0%
[07:16:27] [Worker-Main-1/INFO]: Preparing spawn area: 0%
[07:16:28] [Worker-Main-1/INFO]: Preparing spawn area: 0%
[07:16:28] [Worker-Main-1/INFO]: Preparing spawn area: 0%
[07:16:29] [Worker-Main-1/INFO]: Preparing spawn area: 0%
[07:16:30] [Worker-Main-1/INFO]: Preparing spawn area: 0%
[07:16:30] [Worker-Main-1/INFO]: Preparing spawn area: 0%
[07:16:30] [Worker-Main-1/INFO]: Preparing spawn area: 0%
[07:16:31] [Worker-Main-1/INFO]: Preparing spawn area: 0%
[07:16:31] [Worker-Main-1/INFO]: Preparing spawn area: 0%
[07:16:32] [Worker-Main-1/INFO]: Preparing spawn area: 0%
[07:16:32] [Worker-Main-1/INFO]: Preparing spawn area: 0%
[07:16:33] [Worker-Main-1/INFO]: Preparing spawn area: 0%
[07:16:33] [Worker-Main-1/INFO]: Preparing spawn area: 0%
[07:16:34] [Worker-Main-1/INFO]: Preparing spawn area: 0%
[07:16:34] [Worker-Main-1/INFO]: Preparing spawn area: 0%
[07:16:35] [Worker-Main-1/INFO]: Preparing spawn area: 0%
[07:16:35] [Worker-Main-1/INFO]: Preparing spawn area: 0%
[07:16:36] [Worker-Main-1/INFO]: Preparing spawn area: 0%
[07:16:36] [Worker-Main-1/INFO]: Preparing spawn area: 0%
[07:16:37] [Worker-Main-1/INFO]: Preparing spawn area: 0%
[07:16:37] [Worker-Main-1/INFO]: Preparing spawn area: 0%
[07:16:38] [Worker-Main-1/INFO]: Preparing spawn area: 0%
[07:16:38] [Worker-Main-1/INFO]: Preparing spawn area: 0%
[07:16:39] [Worker-Main-1/INFO]: Preparing spawn area: 0%
[07:16:39] [Worker-Main-1/INFO]: Preparing spawn area: 0%
[07:16:40] [Worker-Main-1/INFO]: Preparing spawn area: 0%
[07:16:40] [Worker-Main-1/INFO]: Preparing spawn area: 0%
[07:16:41] [Worker-Main-1/INFO]: Preparing spawn area: 0%
[07:16:41] [Worker-Main-1/INFO]: Preparing spawn area: 0%
[07:16:42] [Worker-Main-1/INFO]: Preparing spawn area: 0%
[07:16:43] [Worker-Main-1/INFO]: Preparing spawn area: 0%
[07:16:43] [Worker-Main-1/INFO]: Preparing spawn area: 0%
[07:16:44] [Worker-Main-1/INFO]: Preparing spawn area: 7%
[07:16:44] [Worker-Main-1/INFO]: Preparing spawn area: 21%
[07:16:45] [Worker-Main-1/INFO]: Preparing spawn area: 23%
[07:16:45] [Worker-Main-1/INFO]: Preparing spawn area: 23%
[07:16:46] [Worker-Main-1/INFO]: Preparing spawn area: 41%
[07:16:46] [Worker-Main-1/INFO]: Preparing spawn area: 41%
[07:16:47] [Worker-Main-1/INFO]: Preparing spawn area: 53%
[07:16:47] [Worker-Main-1/INFO]: Preparing spawn area: 58%
[07:16:47] [Worker-Main-1/INFO]: Preparing spawn area: 68%
[07:16:48] [Worker-Main-1/INFO]: Preparing spawn area: 70%
[07:16:49] [Worker-Main-1/INFO]: Preparing spawn area: 78%
[07:16:50] [Worker-Main-1/INFO]: Preparing spawn area: 85%
[07:16:50] [Worker-Main-1/INFO]: Preparing spawn area: 85%
[07:16:50] [Worker-Main-1/INFO]: Preparing spawn area: 85%
[07:16:53] [Server thread/INFO]: Time elapsed: 49338 ms
[07:16:53] [Server thread/INFO]: Done (58.398s)! For help, type "help"
[07:16:53] [Server thread/INFO]: Starting remote control listener
[07:16:53] [Server thread/INFO]: Thread RCON Listener started
[07:16:53] [Server thread/INFO]: RCON running on 0.0.0.0:25575
[07:17:09] [RCON Listener #1/INFO]: Thread RCON Client /127.0.0.1 started
[07:17:09] [Server thread/INFO]: [Rcon: Stopping the server]
[07:17:09] [RCON Client /127.0.0.1 #2/INFO]: Thread RCON Client /127.0.0.1 shutting down
[07:17:09] [Server thread/INFO]: Stopping server
[07:17:09] [Server thread/INFO]: Saving players
[07:17:09] [Server thread/INFO]: Saving worlds
[07:17:10] [Server thread/INFO]: Saving chunks for level 'ServerLevel[world]'/minecraft:overworld
[07:17:11] [Server thread/INFO]: Saving chunks for level 'ServerLevel[world]'/minecraft:the_nether
[07:17:11] [Server thread/INFO]: Saving chunks for level 'ServerLevel[world]'/minecraft:the_end
[07:17:11] [Server thread/INFO]: ThreadedAnvilChunkStorage (world): All chunks are saved
[07:17:11] [Server thread/INFO]: ThreadedAnvilChunkStorage (DIM-1): All chunks are saved
[07:17:11] [Server thread/INFO]: ThreadedAnvilChunkStorage (DIM1): All chunks are saved
[07:17:11] [Server thread/INFO]: ThreadedAnvilChunkStorage: All dimensions are saved
[07:17:11] [Server thread/INFO]: Thread RCON Listener stopped
