2023-04-04 15:14:37.099 [info] Log level: Info
2023-04-04 15:14:37.099 [info] Validating found git in: "git"
2023-04-04 15:14:37.099 [info] Using git "2.39.1" from "git"
2023-04-04 15:14:37.099 [info] > git rev-parse --show-toplevel [33ms]
2023-04-04 15:14:37.099 [info] fatal: not a git repository (or any of the parent directories): .git
2023-04-04 15:14:37.099 [info] > git rev-parse --show-toplevel [2ms]
2023-04-04 15:14:37.099 [info] fatal: not a git repository (or any of the parent directories): .git
2023-04-04 15:14:37.099 [info] > git rev-parse --show-toplevel [5ms]
2023-04-04 15:14:37.099 [info] fatal: not a git repository (or any of the parent directories): .git
2023-04-04 15:14:37.099 [info] > git rev-parse --show-toplevel [2ms]
2023-04-04 15:14:37.099 [info] fatal: not a git repository (or any of the parent directories): .git
2023-04-04 15:14:37.099 [info] > git rev-parse --show-toplevel [1ms]
2023-04-04 15:14:37.099 [info] fatal: not a git repository (or any of the parent directories): .git
2023-04-04 15:14:37.099 [info] > git rev-parse --show-toplevel [2ms]
2023-04-04 15:14:37.099 [info] fatal: not a git repository (or any of the parent directories): .git
2023-04-04 15:14:37.099 [info] > git rev-parse --show-toplevel [2ms]
2023-04-04 15:14:37.099 [info] fatal: not a git repository (or any of the parent directories): .git
2023-04-04 15:14:37.099 [info] > git rev-parse --show-toplevel [12ms]
2023-04-04 15:14:37.099 [info] fatal: not a git repository (or any of the parent directories): .git
2023-04-04 15:14:37.099 [info] > git rev-parse --show-toplevel [7ms]
2023-04-04 15:14:37.099 [info] fatal: not a git repository (or any of the parent directories): .git
2023-04-04 15:14:37.099 [info] > git rev-parse --show-toplevel [3ms]
2023-04-04 15:14:37.099 [info] fatal: not a git repository (or any of the parent directories): .git
2023-04-04 15:14:37.099 [info] > git rev-parse --show-toplevel [6ms]
2023-04-04 15:14:37.099 [info] fatal: not a git repository (or any of the parent directories): .git
2023-04-04 15:14:37.099 [info] > git rev-parse --show-toplevel [2ms]
2023-04-04 15:14:37.099 [info] fatal: not a git repository (or any of the parent directories): .git
2023-04-04 15:14:37.099 [info] > git rev-parse --show-toplevel [1ms]
2023-04-04 15:14:37.099 [info] fatal: not a git repository (or any of the parent directories): .git
2023-04-04 15:14:37.099 [info] > git rev-parse --show-toplevel [2ms]
2023-04-04 15:14:37.099 [info] fatal: not a git repository (or any of the parent directories): .git
