2023-04-04 15:13:46,384 DEBUG    root            Loaded Command Group: ['gcloud', 'auth']
2023-04-04 15:13:46,391 DEBUG    root            Loaded Command Group: ['gcloud', 'auth', 'login']
2023-04-04 15:13:46,395 DEBUG    root            Running [gcloud.auth.login] with arguments: []
2023-04-04 15:13:46,436 DEBUG    requests_oauthlib.oauth2_session Generated new state ZCbGERpHDQtnbGGAD6kjQ5foEDLT8V.
2023-04-04 15:13:51,442 INFO     ___FILE_ONLY___ Your browser has been opened to visit:

    https://accounts.google.com/o/oauth2/auth?response_type=code&client_id=32555940559.apps.googleusercontent.com&redirect_uri=http%3A%2F%2Flocalhost%3A8085%2F&scope=openid+https%3A%2F%2Fwww.googleapis.com%2Fauth%2Fuserinfo.email+https%3A%2F%2Fwww.googleapis.com%2Fauth%2Fcloud-platform+https%3A%2F%2Fwww.googleapis.com%2Fauth%2Fappengine.admin+https%3A%2F%2Fwww.googleapis.com%2Fauth%2Fsqlservice.login+https%3A%2F%2Fwww.googleapis.com%2Fauth%2Fcompute+https%3A%2F%2Fwww.googleapis.com%2Fauth%2Faccounts.reauth&state=ZCbGERpHDQtnbGGAD6kjQ5foEDLT8V&access_type=offline&code_challenge=-6ym8In7DPPQDN5L3gaQysQwXiIqt8MQ86ZNKNMy58A&code_challenge_method=S256


2023-04-04 15:13:56,329 INFO     google_auth_oauthlib.flow "GET /?state=ZCbGERpHDQtnbGGAD6kjQ5foEDLT8V&code=4/0AVHEtk7HxukL7shS7nJxkzggqnfNEnMdpfuiLkriES58WkEfyOb_KgO4_UuWWV16elWXyw&scope=email%20openid%20https://www.googleapis.com/auth/userinfo.email%20https://www.googleapis.com/auth/cloud-platform%20https://www.googleapis.com/auth/appengine.admin%20https://www.googleapis.com/auth/sqlservice.login%20https://www.googleapis.com/auth/compute%20https://www.googleapis.com/auth/accounts.reauth&authuser=0&prompt=consent HTTP/1.1" 200 959
2023-04-04 15:13:56,330 DEBUG    requests_oauthlib.oauth2_session Requesting url https://oauth2.googleapis.com/token using method POST.
2023-04-04 15:13:56,330 DEBUG    requests_oauthlib.oauth2_session Supplying headers {b'Accept': b'application/json', b'Content-Type': b'application/x-www-form-urlencoded;charset=UTF-8', b'user-agent': b'google-cloud-sdk gcloud/424.0.0 command/gcloud.auth.login invocation-id/158c9c5038224f5c80262bbb8ef3dbf1 environment/None environment-version/None interactive/True from-script/False python/3.9.16 term/xterm-256color (Linux 4.18.0-408.el8.x86_64)'} and data {'grant_type': 'authorization_code', 'client_id': '32555940559.apps.googleusercontent.com', 'client_secret': 'ZmssLNjJy2998hD4CTg2ejr2', 'code': '4/0AVHEtk7HxukL7shS7nJxkzggqnfNEnMdpfuiLkriES58WkEfyOb_KgO4_UuWWV16elWXyw', 'redirect_uri': 'http://localhost:8085/', 'code_verifier': 'GMRO6wQSpnjtepEM0gOAU1U4g42w~EWE4YPBvK1-8eP-eOVQ.t~pLV-3qpmKgIhvxv1zHrK.f_ou9L_GAV2suUNIh5F9LRQ-u~e1HU_EhqYE3eAhcikLldpt9FBB7eIh'}
2023-04-04 15:13:56,330 DEBUG    requests_oauthlib.oauth2_session Passing through key word arguments {'json': None, 'timeout': None, 'auth': None, 'verify': None, 'proxies': None}.
2023-04-04 15:13:56,332 DEBUG    urllib3.connectionpool Starting new HTTPS connection (1): oauth2.googleapis.com:443
2023-04-04 15:13:56,615 DEBUG    urllib3.connectionpool https://oauth2.googleapis.com:443 "POST /token HTTP/1.1" 200 None
2023-04-04 15:13:56,616 DEBUG    requests_oauthlib.oauth2_session Prepared fetch token request body grant_type=authorization_code&client_id=32555940559.apps.googleusercontent.com&client_secret=ZmssLNjJy2998hD4CTg2ejr2&code=4%2F0AVHEtk7HxukL7shS7nJxkzggqnfNEnMdpfuiLkriES58WkEfyOb_KgO4_UuWWV16elWXyw&redirect_uri=http%3A%2F%2Flocalhost%3A8085%2F&code_verifier=GMRO6wQSpnjtepEM0gOAU1U4g42w~EWE4YPBvK1-8eP-eOVQ.t~pLV-3qpmKgIhvxv1zHrK.f_ou9L_GAV2suUNIh5F9LRQ-u~e1HU_EhqYE3eAhcikLldpt9FBB7eIh
2023-04-04 15:13:56,616 DEBUG    requests_oauthlib.oauth2_session Request to fetch token completed with status 200.
2023-04-04 15:13:56,617 DEBUG    requests_oauthlib.oauth2_session Request headers were {'user-agent': b'google-cloud-sdk gcloud/424.0.0 command/gcloud.auth.login invocation-id/158c9c5038224f5c80262bbb8ef3dbf1 environment/None environment-version/None interactive/True from-script/False python/3.9.16 term/xterm-256color (Linux 4.18.0-408.el8.x86_64)', 'Accept-Encoding': 'gzip, deflate', 'Accept': b'application/json', 'Connection': 'keep-alive', 'Content-Type': b'application/x-www-form-urlencoded;charset=UTF-8', 'Content-Length': '387'}
2023-04-04 15:13:56,617 DEBUG    requests_oauthlib.oauth2_session Request body was grant_type=authorization_code&client_id=32555940559.apps.googleusercontent.com&client_secret=ZmssLNjJy2998hD4CTg2ejr2&code=4%2F0AVHEtk7HxukL7shS7nJxkzggqnfNEnMdpfuiLkriES58WkEfyOb_KgO4_UuWWV16elWXyw&redirect_uri=http%3A%2F%2Flocalhost%3A8085%2F&code_verifier=GMRO6wQSpnjtepEM0gOAU1U4g42w~EWE4YPBvK1-8eP-eOVQ.t~pLV-3qpmKgIhvxv1zHrK.f_ou9L_GAV2suUNIh5F9LRQ-u~e1HU_EhqYE3eAhcikLldpt9FBB7eIh
2023-04-04 15:13:56,617 DEBUG    requests_oauthlib.oauth2_session Response headers were {'Cache-Control': 'no-cache, no-store, max-age=0, must-revalidate', 'Pragma': 'no-cache', 'Date': 'Tue, 04 Apr 2023 06:13:59 GMT', 'Expires': 'Mon, 01 Jan 1990 00:00:00 GMT', 'Content-Type': 'application/json; charset=utf-8', 'Vary': 'Origin, X-Origin, Referer', 'Content-Encoding': 'gzip', 'Server': 'scaffolding on HTTPServer2', 'X-XSS-Protection': '0', 'X-Frame-Options': 'SAMEORIGIN', 'X-Content-Type-Options': 'nosniff', 'Alt-Svc': 'h3=":443"; ma=2592000,h3-29=":443"; ma=2592000', 'Transfer-Encoding': 'chunked'} and content {
  "access_token": "ya29.a0Ael9sCOcuh9sXVLgwO2h62bE0tPGNlFkK-sxUO7nlisPPuhtwV-IJ3QyyWOBGQMD2Jf60eOZtgeoKsl3rfVI9fWcc84pNgZEy0eJy2xlooTgpw0_YC-8kNmbhgYuJdTIMY_RGKzMD6PwcRvU8oQ5LZ4LnrhzJfNEJvJ3aCgYKAUwSARESFQF4udJhvAC7gpTpObBJ3ssJAFDJiQ0171",
  "expires_in": 3599,
  "refresh_token": "1//0euDy3K6o42lJCgYIARAAGA4SNwF-L9Irf8p4d4XTdxCZ7vE32-e5F0BZBvV9jdv1DhyY8SRM1qT1r8H2vqmXoV7t2WGa2-WtV2s",
  "scope": "https://www.googleapis.com/auth/userinfo.email openid https://www.googleapis.com/auth/compute https://www.googleapis.com/auth/accounts.reauth https://www.googleapis.com/auth/appengine.admin https://www.googleapis.com/auth/cloud-platform https://www.googleapis.com/auth/sqlservice.login",
  "token_type": "Bearer",
  "id_token": "eyJhbGciOiJSUzI1NiIsImtpZCI6ImFjZGEzNjBmYjM2Y2QxNWZmODNhZjgzZTE3M2Y0N2ZmYzM2ZDExMWMiLCJ0eXAiOiJKV1QifQ.eyJpc3MiOiJodHRwczovL2FjY291bnRzLmdvb2dsZS5jb20iLCJhenAiOiIzMjU1NTk0MDU1OS5hcHBzLmdvb2dsZXVzZXJjb250ZW50LmNvbSIsImF1ZCI6IjMyNTU1OTQwNTU5LmFwcHMuZ29vZ2xldXNlcmNvbnRlbnQuY29tIiwic3ViIjoiMTE0NTAwNzk0MjU3NzYzNzY4MDcwIiwiZW1haWwiOiJic2Q5MTE1QGdtYWlsLmNvbSIsImVtYWlsX3ZlcmlmaWVkIjp0cnVlLCJhdF9oYXNoIjoiOUNjV001N0dTTlZqZ2RPY21CR0hWdyIsImlhdCI6MTY4MDU4ODgzOSwiZXhwIjoxNjgwNTkyNDM5fQ.U3U3dlO2Utq0q_V34fcvCvadD8pqSGb3UCBPJZDcQjRaFYG8UNvWbQahCuOBl6UeRBzaOHKVkkTm2gaCmApkc7AQfjpZP5BRkdK0p4nPFA_71TNR3CyRBN5sJ4o4uEaM5OHC8EnHZapy-1mVtVjqyr_o5hrVBlG8ehxR73QU7GFgzUFcUJG69BoaxDr1HYgn_onvWuUP-FRHuCj0ZA-V5qGskZK22_XDhDPitTUsPH0HEZnW82upnj0j9DEeTi2Uv8GqsQBlpMM9RJKdjOU0GvSZMhPvKpGMTvg7srsu7o4eOuM_ni82yUlSvzG29M_epuFzUVLTRZbFQyRk5kNtQw"
}.
2023-04-04 15:13:56,617 DEBUG    requests_oauthlib.oauth2_session Invoking 0 token response hooks.
2023-04-04 15:13:56,617 DEBUG    requests_oauthlib.oauth2_session Obtained token {'access_token': 'ya29.a0Ael9sCOcuh9sXVLgwO2h62bE0tPGNlFkK-sxUO7nlisPPuhtwV-IJ3QyyWOBGQMD2Jf60eOZtgeoKsl3rfVI9fWcc84pNgZEy0eJy2xlooTgpw0_YC-8kNmbhgYuJdTIMY_RGKzMD6PwcRvU8oQ5LZ4LnrhzJfNEJvJ3aCgYKAUwSARESFQF4udJhvAC7gpTpObBJ3ssJAFDJiQ0171', 'expires_in': 3599, 'refresh_token': '1//0euDy3K6o42lJCgYIARAAGA4SNwF-L9Irf8p4d4XTdxCZ7vE32-e5F0BZBvV9jdv1DhyY8SRM1qT1r8H2vqmXoV7t2WGa2-WtV2s', 'scope': ['https://www.googleapis.com/auth/userinfo.email', 'openid', 'https://www.googleapis.com/auth/compute', 'https://www.googleapis.com/auth/accounts.reauth', 'https://www.googleapis.com/auth/appengine.admin', 'https://www.googleapis.com/auth/cloud-platform', 'https://www.googleapis.com/auth/sqlservice.login'], 'token_type': 'Bearer', 'id_token': 'eyJhbGciOiJSUzI1NiIsImtpZCI6ImFjZGEzNjBmYjM2Y2QxNWZmODNhZjgzZTE3M2Y0N2ZmYzM2ZDExMWMiLCJ0eXAiOiJKV1QifQ.eyJpc3MiOiJodHRwczovL2FjY291bnRzLmdvb2dsZS5jb20iLCJhenAiOiIzMjU1NTk0MDU1OS5hcHBzLmdvb2dsZXVzZXJjb250ZW50LmNvbSIsImF1ZCI6IjMyNTU1OTQwNTU5LmFwcHMuZ29vZ2xldXNlcmNvbnRlbnQuY29tIiwic3ViIjoiMTE0NTAwNzk0MjU3NzYzNzY4MDcwIiwiZW1haWwiOiJic2Q5MTE1QGdtYWlsLmNvbSIsImVtYWlsX3ZlcmlmaWVkIjp0cnVlLCJhdF9oYXNoIjoiOUNjV001N0dTTlZqZ2RPY21CR0hWdyIsImlhdCI6MTY4MDU4ODgzOSwiZXhwIjoxNjgwNTkyNDM5fQ.U3U3dlO2Utq0q_V34fcvCvadD8pqSGb3UCBPJZDcQjRaFYG8UNvWbQahCuOBl6UeRBzaOHKVkkTm2gaCmApkc7AQfjpZP5BRkdK0p4nPFA_71TNR3CyRBN5sJ4o4uEaM5OHC8EnHZapy-1mVtVjqyr_o5hrVBlG8ehxR73QU7GFgzUFcUJG69BoaxDr1HYgn_onvWuUP-FRHuCj0ZA-V5qGskZK22_XDhDPitTUsPH0HEZnW82upnj0j9DEeTi2Uv8GqsQBlpMM9RJKdjOU0GvSZMhPvKpGMTvg7srsu7o4eOuM_ni82yUlSvzG29M_epuFzUVLTRZbFQyRk5kNtQw', 'expires_at': 1680592435.6176105}.
2023-04-04 15:13:56,628 INFO     ___FILE_ONLY___ 
You are now logged in as [bsd9115@gmail.com].
Your current project is [dockertest-382705].  You can change this setting by running:
  $ gcloud config set project PROJECT_ID

2023-04-04 15:13:56,628 DEBUG    root            Chosen display Format:none
2023-04-04 15:13:56,629 INFO     root            Display format: "none"
2023-04-04 15:13:56,630 DEBUG    root            SDK update checks are disabled.
